# JRE version: OpenJDK Runtime Environment Temurin-21.0.4+7 (21.0.4+7) (build 21.0.4+7-LTS)
# Java VM: OpenJDK 64-Bit Server VM Temurin-21.0.4+7 (21.0.4+7-LTS, mixed mode, tiered, compressed oops, compressed class ptrs, g1 gc, bsd-amd64)
GC Precious Log:
 CardTable entry size: 512
 Card Set container configuration: InlinePtr #cards 5 size 8 Array Of Cards #cards 12 size 40 Howl #buckets 4 coarsen threshold 1843 Howl Bitmap #cards 512 size 80 coarsen threshold 460 Card regions per heap region 1 cards per card region 2048
 CPUs: 4 total, 4 available
 Memory: 16384M
 Large Page Support: Disabled
 NUMA Support: Disabled
 Compressed Oops: Enabled (Zero based)
 Heap Region Size: 1M
 Heap Min Capacity: 8M
 Heap Initial Capacity: 256M
 Heap Max Capacity: 1G
 Pre-touch: Disabled
 Parallel Workers: 4
 Concurrent Workers: 1
 Concurrent Refinement Workers: 4
 Periodic GC: Disabled
Heap:
 garbage-first heap   total 188416K, used 161218K [0x00000007c0000000, 0x0000000800000000)
  region size 1024K, 48 young (49152K), 4 survivors (4096K)
 Metaspace       used 96460K, committed 98880K, reserved 1179648K
  class space    used 13014K, committed 14208K, reserved 1048576K
GC Heap History (20 events):
Event: 122.406 GC heap before
{Heap before GC invocations=72 (full 0):
 garbage-first heap   total 148480K, used 134837K [0x00000007c0000000, 0x0000000800000000)
  region size 1024K, 49 young (50176K), 3 survivors (3072K)
 Metaspace       used 71612K, committed 73472K, reserved 1114112K
  class space    used 9517K, committed 10432K, reserved 1048576K
}
Event: 122.419 GC heap after
{Heap after GC invocations=73 (full 0):
 garbage-first heap   total 148480K, used 93181K [0x00000007c0000000, 0x0000000800000000)
  region size 1024K, 7 young (7168K), 7 survivors (7168K)
 Metaspace       used 71612K, committed 73472K, reserved 1114112K
  class space    used 9517K, committed 10432K, reserved 1048576K
}
Event: 128.642 GC heap before
{Heap before GC invocations=73 (full 0):
 garbage-first heap   total 148480K, used 132093K [0x00000007c0000000, 0x0000000800000000)
  region size 1024K, 45 young (46080K), 7 survivors (7168K)
 Metaspace       used 76912K, committed 78848K, reserved 1179648K
  class space    used 10157K, committed 11072K, reserved 1048576K
}
Event: 128.659 GC heap after
{Heap after GC invocations=74 (full 0):
 garbage-first heap   total 148480K, used 95740K [0x00000007c0000000, 0x0000000800000000)
  region size 1024K, 3 young (3072K), 3 survivors (3072K)
 Metaspace       used 76912K, committed 78848K, reserved 1179648K
  class space    used 10157K, committed 11072K, reserved 1048576K
}
Event: 131.526 GC heap before
{Heap before GC invocations=75 (full 0):
 garbage-first heap   total 162816K, used 134652K [0x00000007c0000000, 0x0000000800000000)
  region size 1024K, 41 young (41984K), 3 survivors (3072K)
 Metaspace       used 81087K, committed 83200K, reserved 1179648K
  class space    used 10803K, committed 11840K, reserved 1048576K
}
Event: 131.536 GC heap after
{Heap after GC invocations=76 (full 0):
 garbage-first heap   total 162816K, used 97171K [0x00000007c0000000, 0x0000000800000000)
  region size 1024K, 4 young (4096K), 4 survivors (4096K)
 Metaspace       used 81087K, committed 83200K, reserved 1179648K
  class space    used 10803K, committed 11840K, reserved 1048576K
}
Event: 132.774 GC heap before
{Heap before GC invocations=76 (full 0):
 garbage-first heap   total 162816K, used 148371K [0x00000007c0000000, 0x0000000800000000)
  region size 1024K, 54 young (55296K), 4 survivors (4096K)
 Metaspace       used 82065K, committed 84096K, reserved 1179648K
  class space    used 10975K, committed 11968K, reserved 1048576K
}
Event: 132.786 GC heap after
{Heap after GC invocations=77 (full 0):
 garbage-first heap   total 162816K, used 99855K [0x00000007c0000000, 0x0000000800000000)
  region size 1024K, 7 young (7168K), 7 survivors (7168K)
 Metaspace       used 82065K, committed 84096K, reserved 1179648K
  class space    used 10975K, committed 11968K, reserved 1048576K
}
Event: 138.636 GC heap before
{Heap before GC invocations=77 (full 0):
 garbage-first heap   total 162816K, used 144911K [0x00000007c0000000, 0x0000000800000000)
  region size 1024K, 51 young (52224K), 7 survivors (7168K)
 Metaspace       used 82888K, committed 85056K, reserved 1179648K
  class space    used 11029K, committed 12096K, reserved 1048576K
}
Event: 138.657 GC heap after
{Heap after GC invocations=78 (full 0):
 garbage-first heap   total 162816K, used 102234K [0x00000007c0000000, 0x0000000800000000)
  region size 1024K, 6 young (6144K), 6 survivors (6144K)
 Metaspace       used 82888K, committed 85056K, reserved 1179648K
  class space    used 11029K, committed 12096K, reserved 1048576K
}
Event: 140.556 GC heap before
{Heap before GC invocations=78 (full 0):
 garbage-first heap   total 173056K, used 146266K [0x00000007c0000000, 0x0000000800000000)
  region size 1024K, 49 young (50176K), 6 survivors (6144K)
 Metaspace       used 82852K, committed 85056K, reserved 1179648K
  class space    used 11014K, committed 12096K, reserved 1048576K
}
Event: 140.592 GC heap after
{Heap after GC invocations=79 (full 0):
 garbage-first heap   total 173056K, used 102438K [0x00000007c0000000, 0x0000000800000000)
  region size 1024K, 3 young (3072K), 3 survivors (3072K)
 Metaspace       used 82852K, committed 85056K, reserved 1179648K
  class space    used 11014K, committed 12096K, reserved 1048576K
}
Event: 142.023 GC heap before
{Heap before GC invocations=80 (full 0):
 garbage-first heap   total 173056K, used 158758K [0x00000007c0000000, 0x0000000800000000)
  region size 1024K, 59 young (60416K), 3 survivors (3072K)
 Metaspace       used 85450K, committed 87680K, reserved 1179648K
  class space    used 11505K, committed 12608K, reserved 1048576K
}
Event: 142.029 GC heap after
{Heap after GC invocations=81 (full 0):
 garbage-first heap   total 173056K, used 103344K [0x00000007c0000000, 0x0000000800000000)
  region size 1024K, 4 young (4096K), 4 survivors (4096K)
 Metaspace       used 85450K, committed 87680K, reserved 1179648K
  class space    used 11505K, committed 12608K, reserved 1048576K
}
Event: 143.091 GC heap before
{Heap before GC invocations=81 (full 0):
 garbage-first heap   total 173056K, used 162736K [0x00000007c0000000, 0x0000000800000000)
  region size 1024K, 58 young (59392K), 4 survivors (4096K)
 Metaspace       used 88279K, committed 90560K, reserved 1179648K
  class space    used 11836K, committed 12928K, reserved 1048576K
}
Event: 143.106 GC heap after
{Heap after GC invocations=82 (full 0):
 garbage-first heap   total 174080K, used 106707K [0x00000007c0000000, 0x0000000800000000)
  region size 1024K, 8 young (8192K), 8 survivors (8192K)
 Metaspace       used 88279K, committed 90560K, reserved 1179648K
  class space    used 11836K, committed 12928K, reserved 1048576K
}
Event: 144.170 GC heap before
{Heap before GC invocations=82 (full 0):
 garbage-first heap   total 174080K, used 155859K [0x00000007c0000000, 0x0000000800000000)
  region size 1024K, 56 young (57344K), 8 survivors (8192K)
 Metaspace       used 89983K, committed 92352K, reserved 1179648K
  class space    used 12094K, committed 13248K, reserved 1048576K
}
Event: 144.197 GC heap after
{Heap after GC invocations=83 (full 0):
 garbage-first heap   total 174080K, used 112145K [0x00000007c0000000, 0x0000000800000000)
  region size 1024K, 6 young (6144K), 6 survivors (6144K)
 Metaspace       used 89983K, committed 92352K, reserved 1179648K
  class space    used 12094K, committed 13248K, reserved 1048576K
}
Event: 145.948 GC heap before
{Heap before GC invocations=84 (full 0):
 garbage-first heap   total 188416K, used 160273K [0x00000007c0000000, 0x0000000800000000)
  region size 1024K, 50 young (51200K), 6 survivors (6144K)
 Metaspace       used 94443K, committed 96896K, reserved 1179648K
  class space    used 12743K, committed 13952K, reserved 1048576K
}
Event: 145.960 GC heap after
{Heap after GC invocations=85 (full 0):
 garbage-first heap   total 188416K, used 118210K [0x00000007c0000000, 0x0000000800000000)
  region size 1024K, 4 young (4096K), 4 survivors (4096K)
 Metaspace       used 94443K, committed 96896K, reserved 1179648K
  class space    used 12743K, committed 13952K, reserved 1048576K
}

